2019-07-31 20:31:30,458 [main]INFO  - [WIN7PRO-HU2][NOUSER]<html.make> [input]{header={action=html.make}, body={name=index}, status={code=000}}
2019-08-01 16:23:14,539 [main]INFO  - [WIN7PRO-HU2][NOUSER]<html.make> [input]{header={action=html.make}, body={name=index}, status={code=000}}
2019-08-01 16:27:52,361 [main]INFO  - [WIN7PRO-HU2][NOUSER]<html.make> [input]{header={action=html.make}, body={name=index}, status={code=000}}
2019-08-01 16:28:19,107 [main]INFO  - [WIN7PRO-HU2][NOUSER]<html.make> [input]{header={action=html.make}, body={name=index}, status={code=000}}
2019-08-01 16:29:16,437 [main]INFO  - [WIN7PRO-HU2][NOUSER]<html.make> [input]{header={action=html.make}, body={name=index}, status={code=000}}
2019-08-01 16:34:57,912 [main]INFO  - [WIN7PRO-HU2][NOUSER]<html.make> [input]{header={action=html.make}, body={name=index}, status={code=000}}
2019-08-01 16:38:13,088 [main]INFO  - [WIN7PRO-HU2][NOUSER]<html.make> [input]{header={action=html.make}, body={name=index}, status={code=000}}
2019-08-01 16:38:28,949 [main]INFO  - [WIN7PRO-HU2][NOUSER]<html.make> [input]{header={action=html.make}, body={name=index}, status={code=000}}
2019-08-01 16:42:26,864 [main]INFO  - [WIN7PRO-HU2][NOUSER]<html.make> [input]{header={action=html.make}, body={name=index}, status={code=000}}
2019-08-01 16:43:53,928 [main]INFO  - [WIN7PRO-HU2][NOUSER]<html.make> [input]{header={action=html.make}, body={name=index}, status={code=000}}
2019-08-01 16:47:49,163 [main]INFO  - [WIN7PRO-HU2][NOUSER]<html.make> [input]{header={action=html.make}, body={name=index}, status={code=000}}
2019-08-01 17:06:05,474 [main]INFO  - [WIN7PRO-HU2][NOUSER]<html.make> [input]{header={action=html.make}, body={name=index}, status={code=000}}
2019-08-08 15:34:37,199 [main]INFO  - [WIN7PRO-HU2][NOUSER]<html.make> [input]{header={action=html.make}, body={name=index}, status={code=000}}
2019-08-08 15:36:11,245 [main]INFO  - [WIN7PRO-HU2][NOUSER]<html.make> [input]{header={action=html.make}, body={name=index}, status={code=000}}
2019-08-08 15:36:11,557 [main]INFO  - [WIN7PRO-HU2][NOUSER]<html.make> [output]{"header":{"action":"html.make"},"body":{"name":"index"},"status":{"exception":"java.lang.StringIndexOutOfBoundsException: begin 719, end -1, length 8620\r\n\tat java.base/java.lang.String.checkBoundsBeginEnd(String.java:3107)\r\n\tat java.base/java.lang.String.substring(String.java:1873)\r\n\tat com.toolbox.website.page.PageMaker.makeHtml(PageMaker.java:82)\r\n\tat com.toolbox.website.page.PageMaker.make(PageMaker.java:51)\r\n\tat com.toolbox.website.Manager.make(Manager.java:62)\r\n\tat com.toolbox.controller.HtmlController.make(HtmlController.java:20)\r\n\tat java.base/jdk.internal.reflect.N ......","code":"999","text":"begin 719, end -1, length 8620"}}
2019-08-08 15:36:39,525 [main]INFO  - [WIN7PRO-HU2][NOUSER]<html.make> [input]{header={action=html.make}, body={name=index}, status={code=000}}
2019-08-08 15:37:16,100 [main]INFO  - [WIN7PRO-HU2][NOUSER]<html.make> [input]{header={action=html.make}, body={name=index}, status={code=000}}
2019-08-08 15:37:16,476 [main]INFO  - [WIN7PRO-HU2][NOUSER]<html.make> [output]{"header":{"action":"html.make"},"body":{"name":"index"},"status":{"exception":"java.lang.RuntimeException: net.sf.json.JSONException: null object\r\n\tat com.toolbox.utils.TemplateUtils.evaluate(TemplateUtils.java:29)\r\n\tat com.toolbox.website.page.PageMaker.makeHtml(PageMaker.java:83)\r\n\tat com.toolbox.website.page.PageMaker.make(PageMaker.java:51)\r\n\tat com.toolbox.website.Manager.make(Manager.java:62)\r\n\tat com.toolbox.controller.HtmlController.make(HtmlController.java:20)\r\n\tat java.base/jdk.internal.reflect.NativeMethodAccessorImpl.invoke0(Native Method)\r\n\tat java.base/jdk.in ......","code":"999","text":"net.sf.json.JSONException: null object"}}
2019-08-08 15:41:51,063 [main]INFO  - [WIN7PRO-HU2][NOUSER]<html.make> [input]{header={action=html.make}, body={name=index}, status={code=000}}
2019-08-08 15:43:26,708 [main]INFO  - [WIN7PRO-HU2][NOUSER]<html.make> [input]{header={action=html.make}, body={name=index}, status={code=000}}
2019-08-08 15:43:47,587 [main]INFO  - [WIN7PRO-HU2][NOUSER]<html.make> [output]{"header":{"action":"html.make"},"body":{"name":"index"},"status":{"code":"000"}}
2019-08-08 15:50:44,222 [main]INFO  - [WIN7PRO-HU2][NOUSER]<html.make> [input]{header={action=html.make}, body={name=index}, status={code=000}}
2019-08-08 15:50:44,908 [main]INFO  - [WIN7PRO-HU2][NOUSER]<html.make> [output]{"header":{"action":"html.make"},"body":{"name":"index"},"status":{"code":"000"}}
2019-08-08 15:51:55,600 [main]INFO  - [WIN7PRO-HU2][NOUSER]<html.make> [input]{header={action=html.make}, body={name=index}, status={code=000}}
2019-08-08 15:51:56,013 [main]INFO  - [WIN7PRO-HU2][NOUSER]<html.make> [output]{"header":{"action":"html.make"},"body":{"name":"index"},"status":{"code":"000"}}
2019-08-08 15:54:34,286 [main]INFO  - [WIN7PRO-HU2][NOUSER]<html.make> [input]{header={action=html.make}, body={name=index}, status={code=000}}
2019-08-08 15:54:34,727 [main]INFO  - [WIN7PRO-HU2][NOUSER]<html.make> [output]{"header":{"action":"html.make"},"body":{"name":"index"},"status":{"code":"000"}}
2019-08-08 15:58:10,950 [main]INFO  - [WIN7PRO-HU2][NOUSER]<html.make> [input]{header={action=html.make}, body={name=index}, status={code=000}}
2019-08-08 15:58:11,357 [main]INFO  - [WIN7PRO-HU2][NOUSER]<html.make> [output]{"header":{"action":"html.make"},"body":{"name":"index"},"status":{"code":"000"}}
2019-08-08 16:04:51,482 [main]INFO  - [WIN7PRO-HU2][NOUSER]<html.make> [input]{header={action=html.make}, body={name=index}, status={code=000}}
2019-08-08 16:04:51,860 [main]INFO  - [WIN7PRO-HU2][NOUSER]<html.make> [output]{"header":{"action":"html.make"},"body":{"name":"index"},"status":{"code":"000"}}
2019-08-08 16:06:19,207 [main]INFO  - [WIN7PRO-HU2][NOUSER]<html.make> [input]{header={action=html.make}, body={name=index}, status={code=000}}
2019-08-08 16:06:19,714 [main]INFO  - [WIN7PRO-HU2][NOUSER]<html.make> [output]{"header":{"action":"html.make"},"body":{"name":"index"},"status":{"code":"000"}}
2019-08-08 16:19:33,658 [main]INFO  - [WIN7PRO-HU2][NOUSER]<html.make> [input]{header={action=html.make}, body={name=index}, status={code=000}}
2019-08-08 16:19:34,073 [main]INFO  - [WIN7PRO-HU2][NOUSER]<html.make> [output]{"header":{"action":"html.make"},"body":{"name":"index"},"status":{"code":"000"}}
2019-08-08 16:20:02,514 [main]INFO  - [WIN7PRO-HU2][NOUSER]<html.make> [input]{header={action=html.make}, body={name=index}, status={code=000}}
2019-08-08 16:20:24,445 [main]INFO  - [WIN7PRO-HU2][NOUSER]<html.make> [input]{header={action=html.make}, body={name=index}, status={code=000}}
2019-08-08 16:20:33,455 [main]INFO  - [WIN7PRO-HU2][NOUSER]<html.make> [input]{header={action=html.make}, body={name=index}, status={code=000}}
2019-08-08 16:21:08,088 [main]INFO  - [WIN7PRO-HU2][NOUSER]<html.make> [input]{header={action=html.make}, body={name=index}, status={code=000}}
2019-08-08 16:21:20,263 [main]INFO  - [WIN7PRO-HU2][NOUSER]<html.make> [output]{"header":{"action":"html.make"},"body":{"name":"index"},"status":{"code":"000"}}
2019-08-08 16:21:58,763 [main]INFO  - [WIN7PRO-HU2][NOUSER]<html.make> [input]{header={action=html.make}, body={name=index}, status={code=000}}
2019-08-08 16:23:06,990 [main]INFO  - [WIN7PRO-HU2][NOUSER]<html.make> [input]{header={action=html.make}, body={name=index}, status={code=000}}
2019-08-08 16:23:13,497 [main]INFO  - [WIN7PRO-HU2][NOUSER]<html.make> [output]{"header":{"action":"html.make"},"body":{"name":"index"},"status":{"exception":"org.mybatis.spring.MyBatisSystemException: nested exception is org.apache.ibatis.builder.BuilderException: Error invoking SqlProvider method 'public java.lang.String com.toolbox.dao.provider.SqlProvider.select(com.toolbox.dao.provider.SqlParams)' with specify parameter 'null'.  Cause: java.lang.NullPointerException\r\n\tat org.mybatis.spring.MyBatisExceptionTranslator.translateExceptionIfPossible(MyBatisExceptionTranslator.java:78)\r\n\tat org.mybatis.spring.SqlSessionTemplate$SqlSessionInterceptor.in ......","code":"999","text":"nested exception is org.apache.ibatis.builder.BuilderException: Error invoking SqlProvider method 'public java.lang.String com.toolbox.dao.provider.SqlProvider.select(com.toolbox.dao.provider.SqlParams)' with specify parameter 'null'.  Cause: java.lang.NullPointerException"}}
2019-08-08 16:25:16,768 [main]INFO  - [WIN7PRO-HU2][NOUSER]<html.make> [input]{header={action=html.make}, body={name=index}, status={code=000}}
2019-08-08 16:25:17,079 [main]INFO  - [WIN7PRO-HU2][NOUSER]<html.make> [output]{"header":{"action":"html.make"},"body":{"name":"index"},"status":{"exception":"org.mybatis.spring.MyBatisSystemException: nested exception is org.apache.ibatis.builder.BuilderException: Error invoking SqlProvider method 'public java.lang.String com.toolbox.dao.provider.SqlProvider.select(com.toolbox.dao.provider.SqlParams)' with specify parameter 'null'.  Cause: java.lang.NullPointerException\r\n\tat org.mybatis.spring.MyBatisExceptionTranslator.translateExceptionIfPossible(MyBatisExceptionTranslator.java:78)\r\n\tat org.mybatis.spring.SqlSessionTemplate$SqlSessionInterceptor.in ......","code":"999","text":"nested exception is org.apache.ibatis.builder.BuilderException: Error invoking SqlProvider method 'public java.lang.String com.toolbox.dao.provider.SqlProvider.select(com.toolbox.dao.provider.SqlParams)' with specify parameter 'null'.  Cause: java.lang.NullPointerException"}}
2019-08-08 16:26:26,977 [main]INFO  - [WIN7PRO-HU2][NOUSER]<html.make> [input]{header={action=html.make}, body={name=index}, status={code=000}}
2019-08-08 16:26:27,481 [main]INFO  - [WIN7PRO-HU2][NOUSER]<html.make> [output]{"header":{"action":"html.make"},"body":{"name":"index"},"status":{"code":"000"}}
2019-08-08 16:27:45,624 [main]INFO  - [WIN7PRO-HU2][NOUSER]<html.make> [input]{header={action=html.make}, body={name=index}, status={code=000}}
2019-08-08 16:27:46,256 [main]INFO  - [WIN7PRO-HU2][NOUSER]<html.make> [output]{"header":{"action":"html.make"},"body":{"name":"index"},"status":{"code":"000"}}
2019-08-08 16:28:04,584 [main]INFO  - [WIN7PRO-HU2][NOUSER]<html.make> [input]{header={action=html.make}, body={name=index}, status={code=000}}
2019-08-08 16:28:04,997 [main]INFO  - [WIN7PRO-HU2][NOUSER]<html.make> [output]{"header":{"action":"html.make"},"body":{"name":"index"},"status":{"code":"000"}}
2019-08-08 16:31:04,569 [main]INFO  - [WIN7PRO-HU2][NOUSER]<html.make> [input]{header={action=html.make}, body={name=index}, status={code=000}}
2019-08-08 16:31:53,447 [main]INFO  - [WIN7PRO-HU2][NOUSER]<html.make> [input]{header={action=html.make}, body={name=index}, status={code=000}}
2019-08-08 16:31:53,852 [main]INFO  - [WIN7PRO-HU2][NOUSER]<html.make> [output]{"header":{"action":"html.make"},"body":{"name":"index"},"status":{"code":"000"}}
2019-08-08 16:32:54,301 [main]INFO  - [WIN7PRO-HU2][NOUSER]<html.make> [input]{header={action=html.make}, body={name=index}, status={code=000}}
2019-08-08 16:34:34,448 [main]INFO  - [WIN7PRO-HU2][NOUSER]<html.make> [input]{header={action=html.make}, body={name=index}, status={code=000}}
2019-08-08 16:34:34,914 [main]INFO  - [WIN7PRO-HU2][NOUSER]<html.make> [output]{"header":{"action":"html.make"},"body":{"name":"index"},"status":{"code":"000"}}
2019-08-08 19:27:02,871 [main]INFO  - [WIN7PRO-HU2][NOUSER]<html.make> [input]{header={action=html.make}, body={name=index}, status={code=000}}
2019-08-08 19:27:04,149 [main]INFO  - [WIN7PRO-HU2][NOUSER]<html.make> [output]{"header":{"action":"html.make"},"body":{"name":"index"},"status":{"exception":"java.lang.NullPointerException\r\n\tat com.toolbox.website.page.IndexPageMaker.prepareModel(IndexPageMaker.java:44)\r\n\tat com.toolbox.website.page.PageMaker.make(PageMaker.java:48)\r\n\tat com.toolbox.website.Manager.make(Manager.java:62)\r\n\tat com.toolbox.controller.HtmlController.make(HtmlController.java:20)\r\n\tat java.base/jdk.internal.reflect.NativeMethodAccessorImpl.invoke0(Native Method)\r\n\tat java.base/jdk.internal.reflect.NativeMethodAccessorImpl.invoke(NativeMethodAccessorImpl.java:62)\r\n\tat java. ......","code":"999","text":null}}
2019-08-08 19:27:49,407 [main]INFO  - [WIN7PRO-HU2][NOUSER]<html.make> [input]{header={action=html.make}, body={name=index}, status={code=000}}
2019-08-08 19:27:49,838 [main]INFO  - [WIN7PRO-HU2][NOUSER]<html.make> [output]{"header":{"action":"html.make"},"body":{"name":"index"},"status":{"exception":"java.lang.ClassCastException: net.sf.json.JSONObject cannot be cast to com.toolbox.model.Html\r\n\tat java.base/java.util.stream.ReferencePipeline$3$1.accept(ReferencePipeline.java:195)\r\n\tat java.base/java.util.Iterator.forEachRemaining(Iterator.java:133)\r\n\tat java.base/java.util.Spliterators$IteratorSpliterator.forEachRemaining(Spliterators.java:1801)\r\n\tat java.base/java.util.stream.AbstractPipeline.copyInto(AbstractPipeline.java:484)\r\n\tat java.base/java.util.stream.AbstractPipeline.wrapAndCopyInt ......","code":"999","text":"net.sf.json.JSONObject cannot be cast to com.toolbox.model.Html"}}
2019-08-08 19:28:56,031 [main]INFO  - [WIN7PRO-HU2][NOUSER]<html.make> [input]{header={action=html.make}, body={name=index}, status={code=000}}
2019-08-08 19:28:56,483 [main]INFO  - [WIN7PRO-HU2][NOUSER]<html.make> [output]{"header":{"action":"html.make"},"body":{"name":"index"},"status":{"exception":"java.lang.ClassCastException: net.sf.json.JSONObject cannot be cast to com.toolbox.model.Html\r\n\tat java.base/java.util.stream.ReferencePipeline$3$1.accept(ReferencePipeline.java:195)\r\n\tat java.base/java.util.Iterator.forEachRemaining(Iterator.java:133)\r\n\tat java.base/java.util.Spliterators$IteratorSpliterator.forEachRemaining(Spliterators.java:1801)\r\n\tat java.base/java.util.stream.AbstractPipeline.copyInto(AbstractPipeline.java:484)\r\n\tat java.base/java.util.stream.AbstractPipeline.wrapAndCopyInt ......","code":"999","text":"net.sf.json.JSONObject cannot be cast to com.toolbox.model.Html"}}
2019-08-08 19:29:32,086 [main]INFO  - [WIN7PRO-HU2][NOUSER]<html.make> [input]{header={action=html.make}, body={name=index}, status={code=000}}
2019-08-08 19:31:33,629 [main]INFO  - [WIN7PRO-HU2][NOUSER]<html.make> [input]{header={action=html.make}, body={name=index}, status={code=000}}
2019-08-08 19:33:32,378 [main]INFO  - [WIN7PRO-HU2][NOUSER]<html.make> [input]{header={action=html.make}, body={name=index}, status={code=000}}
2019-08-08 19:37:11,457 [main]INFO  - [WIN7PRO-HU2][NOUSER]<html.make> [output]{"header":{"action":"html.make"},"body":{"name":"index"},"status":{"code":"000"}}
2019-08-08 19:39:24,652 [main]INFO  - [WIN7PRO-HU2][NOUSER]<html.make> [input]{header={action=html.make}, body={name=index}, status={code=000}}
2019-08-08 19:39:25,046 [main]INFO  - [WIN7PRO-HU2][NOUSER]<html.make> [output]{"header":{"action":"html.make"},"body":{"name":"index"},"status":{"code":"000"}}
2019-08-08 19:41:34,259 [main]INFO  - [WIN7PRO-HU2][NOUSER]<html.make> [input]{header={action=html.make}, body={name=index}, status={code=000}}
2019-08-08 19:41:34,721 [main]INFO  - [WIN7PRO-HU2][NOUSER]<html.make> [output]{"header":{"action":"html.make"},"body":{"name":"index"},"status":{"code":"000"}}
2019-08-08 19:55:20,193 [main]INFO  - [WIN7PRO-HU2][NOUSER]<html.make> [input]{header={action=html.make}, body={name=index}, status={code=000}}
2019-08-08 19:55:20,585 [main]INFO  - [WIN7PRO-HU2][NOUSER]<html.make> [output]{"header":{"action":"html.make"},"body":{"name":"index"},"status":{"code":"000"}}
2019-08-12 19:00:00,312 [main]INFO  - [WIN7PRO-HU2][NOUSER]<html.make> [input]{header={action=html.make}, body={}, status={code=000}}
2019-08-12 19:00:02,156 [main]INFO  - [WIN7PRO-HU2][NOUSER]<html.make> [output]{"header":{"action":"html.make"},"body":{},"status":{"exception":"java.lang.RuntimeException: java.io.FileNotFoundException: File 'website\\base\\null' does not exist\r\n\tat com.toolbox.utils.FileUtils.readFileToString(FileUtils.java:21)\r\n\tat com.toolbox.website.page.PageMaker.makeBody(PageMaker.java:89)\r\n\tat com.toolbox.website.page.PageMaker.makeHtml(PageMaker.java:81)\r\n\tat com.toolbox.website.page.PageMaker.make(PageMaker.java:51)\r\n\tat com.toolbox.website.Manager.make(Manager.java:62)\r\n\tat com.toolbox.controller.HtmlController.make(HtmlController.java:20)\r\n\tat  ......","code":"999","text":"java.io.FileNotFoundException: File 'website\\base\\null' does not exist"}}
2019-08-12 19:04:39,749 [main]INFO  - [WIN7PRO-HU2][NOUSER]<html.make> [input]{header={action=html.make}, body={}, status={code=000}}
2019-08-12 19:04:40,419 [main]INFO  - [WIN7PRO-HU2][NOUSER]<html.make> [output]{"header":{"action":"html.make"},"body":{},"status":{"exception":"java.lang.StringIndexOutOfBoundsException: begin -1, end 11, length 3844\r\n\tat java.base/java.lang.String.checkBoundsBeginEnd(String.java:3107)\r\n\tat java.base/java.lang.String.substring(String.java:1873)\r\n\tat com.toolbox.website.page.PageMaker.makeBody(PageMaker.java:92)\r\n\tat com.toolbox.website.page.PageMaker.makeHtml(PageMaker.java:81)\r\n\tat com.toolbox.website.page.PageMaker.make(PageMaker.java:51)\r\n\tat com.toolbox.website.Manager.make(Manager.java:66)\r\n\tat com.toolbox.controller.HtmlController ......","code":"999","text":"begin -1, end 11, length 3844"}}
2019-08-12 19:15:09,177 [main]INFO  - [WIN7PRO-HU2][NOUSER]<html.make> [input]{header={action=html.make}, body={}, status={code=000}}
2019-08-12 19:15:09,634 [main]INFO  - [WIN7PRO-HU2][NOUSER]<html.make> [output]{"header":{"action":"html.make"},"body":{},"status":{"exception":"java.lang.StringIndexOutOfBoundsException: begin 623, end 11, length 3844\r\n\tat java.base/java.lang.String.checkBoundsBeginEnd(String.java:3107)\r\n\tat java.base/java.lang.String.substring(String.java:1873)\r\n\tat com.toolbox.website.page.PageMaker.makeBody(PageMaker.java:98)\r\n\tat com.toolbox.website.page.PageMaker.makeHtml(PageMaker.java:81)\r\n\tat com.toolbox.website.page.PageMaker.make(PageMaker.java:51)\r\n\tat com.toolbox.website.Manager.make(Manager.java:66)\r\n\tat com.toolbox.controller.HtmlControlle ......","code":"999","text":"begin 623, end 11, length 3844"}}
2019-08-12 19:16:51,089 [main]INFO  - [WIN7PRO-HU2][NOUSER]<html.make> [input]{header={action=html.make}, body={}, status={code=000}}
2019-08-12 19:16:51,448 [main]INFO  - [WIN7PRO-HU2][NOUSER]<html.make> [output]{"header":{"action":"html.make"},"body":{},"status":{"exception":"java.lang.StringIndexOutOfBoundsException: begin 623, end 11, length 3844\r\n\tat java.base/java.lang.String.checkBoundsBeginEnd(String.java:3107)\r\n\tat java.base/java.lang.String.substring(String.java:1873)\r\n\tat com.toolbox.website.page.PageMaker.makeBody(PageMaker.java:101)\r\n\tat com.toolbox.website.page.PageMaker.makeHtml(PageMaker.java:82)\r\n\tat com.toolbox.website.page.PageMaker.make(PageMaker.java:52)\r\n\tat com.toolbox.website.Manager.make(Manager.java:66)\r\n\tat com.toolbox.controller.HtmlControll ......","code":"999","text":"begin 623, end 11, length 3844"}}
2019-08-12 19:18:12,502 [main]INFO  - [WIN7PRO-HU2][NOUSER]<html.make> [input]{header={action=html.make}, body={}, status={code=000}}
2019-08-12 19:18:12,812 [main]INFO  - [WIN7PRO-HU2][NOUSER]<html.make> [output]{"header":{"action":"html.make"},"body":{},"status":{"exception":"java.lang.RuntimeException: java.lang.StringIndexOutOfBoundsException: begin 623, end 11, length 3844\r\n\tat com.toolbox.website.page.PageMaker.makeBody(PageMaker.java:107)\r\n\tat com.toolbox.website.page.PageMaker.makeHtml(PageMaker.java:82)\r\n\tat com.toolbox.website.page.PageMaker.make(PageMaker.java:52)\r\n\tat com.toolbox.website.Manager.make(Manager.java:66)\r\n\tat com.toolbox.controller.HtmlController.make(HtmlController.java:20)\r\n\tat java.base/jdk.internal.reflect.NativeMethodAccessorImpl.invoke0(N ......","code":"999","text":"java.lang.StringIndexOutOfBoundsException: begin 623, end 11, length 3844"}}
2019-08-12 19:20:23,255 [main]INFO  - [WIN7PRO-HU2][NOUSER]<html.make> [input]{header={action=html.make}, body={}, status={code=000}}
2019-08-12 19:21:48,761 [main]INFO  - [WIN7PRO-HU2][NOUSER]<html.make> [input]{header={action=html.make}, body={}, status={code=000}}
2019-08-12 19:21:49,530 [main]INFO  - [WIN7PRO-HU2][NOUSER]<html.make> [output]{"header":{"action":"html.make"},"body":{},"status":{"exception":"java.lang.RuntimeException: java.io.FileNotFoundException: File 'website\\base\\http:\\www.aies.cn\\shuwen.htm' does not exist\r\n\tat com.toolbox.utils.FileUtils.readFileToString(FileUtils.java:21)\r\n\tat com.toolbox.website.page.PageMaker.makeBody(PageMaker.java:90)\r\n\tat com.toolbox.website.page.PageMaker.makeHtml(PageMaker.java:82)\r\n\tat com.toolbox.website.page.PageMaker.make(PageMaker.java:52)\r\n\tat com.toolbox.website.Manager.make(Manager.java:66)\r\n\tat com.toolbox.controller.HtmlController.make(HtmlC ......","code":"999","text":"java.io.FileNotFoundException: File 'website\\base\\http:\\www.aies.cn\\shuwen.htm' does not exist"}}
2019-08-12 19:23:29,276 [main]INFO  - [WIN7PRO-HU2][NOUSER]<html.make> [input]{header={action=html.make}, body={}, status={code=000}}
2019-08-12 19:23:29,615 [main]INFO  - [WIN7PRO-HU2][NOUSER]<html.make> [output]{"header":{"action":"html.make"},"body":{},"status":{"code":"000"}}
2019-08-12 19:26:00,622 [main]INFO  - [WIN7PRO-HU2][NOUSER]<html.make> [input]{header={action=html.make}, body={}, status={code=000}}
2019-08-12 19:26:00,939 [main]INFO  - [WIN7PRO-HU2][NOUSER]<html.make> [output]{"header":{"action":"html.make"},"body":{},"status":{"code":"000"}}
2019-08-12 19:26:54,365 [main]INFO  - [WIN7PRO-HU2][NOUSER]<html.make> [input]{header={action=html.make}, body={}, status={code=000}}
2019-08-12 19:28:59,199 [main]INFO  - [WIN7PRO-HU2][NOUSER]<html.make> [tools] skipped. Path is null
2019-08-12 19:29:08,811 [main]INFO  - [WIN7PRO-HU2][NOUSER]<html.make> [common_tools] skipped. Path is null
2019-08-12 19:29:14,372 [main]INFO  - [WIN7PRO-HU2][NOUSER]<html.make> [unit_converter] skipped. Path '/tools/common_tools/unit_converter/index.html' is not exiat
2019-08-12 19:32:33,508 [main]INFO  - [WIN7PRO-HU2][NOUSER]<html.make> begin make html: tools - 工具列表
2019-08-12 19:32:33,509 [main]INFO  - [WIN7PRO-HU2][NOUSER]<html.make> [tools] skipped. Path is null
2019-08-12 19:32:36,891 [main]INFO  - [WIN7PRO-HU2][NOUSER]<html.make> begin make html: common_tools - 日常工具
2019-08-12 19:32:36,892 [main]INFO  - [WIN7PRO-HU2][NOUSER]<html.make> [common_tools] skipped. Path is null
2019-08-12 19:32:38,232 [main]INFO  - [WIN7PRO-HU2][NOUSER]<html.make> begin make html: unit_converter - 度量单位换算
2019-08-12 19:32:49,834 [main]INFO  - [WIN7PRO-HU2][NOUSER]<html.make> begin make html: currency_converter - 货币汇率查询
2019-08-12 19:32:51,936 [main]INFO  - [WIN7PRO-HU2][NOUSER]<html.make> begin make html: ip_query - IP地址查询
2019-08-12 19:32:53,472 [main]INFO  - [WIN7PRO-HU2][NOUSER]<html.make> begin make html: chinese_characters - 汉字转换
2019-08-12 19:32:54,857 [main]INFO  - [WIN7PRO-HU2][NOUSER]<html.make> begin make html: letter_transfer - 文字转换
2019-08-12 19:32:54,858 [main]INFO  - [WIN7PRO-HU2][NOUSER]<html.make> [letter_transfer] skipped. Path 'website/base/http://www.aies.cn/shuwen.htm' is not exiat
2019-08-12 19:33:00,906 [main]INFO  - [WIN7PRO-HU2][NOUSER]<html.make> begin make html: online_translater - 在线翻译
2019-08-12 19:33:02,008 [main]INFO  - [WIN7PRO-HU2][NOUSER]<html.make> begin make html: phonenumber_query - 手机号码查询
2019-08-12 19:33:02,945 [main]INFO  - [WIN7PRO-HU2][NOUSER]<html.make> begin make html: express_inquery - 快递查询
2019-08-12 19:33:03,791 [main]INFO  - [WIN7PRO-HU2][NOUSER]<html.make> begin make html: image_processing - 图像处理
2019-08-12 19:33:03,792 [main]INFO  - [WIN7PRO-HU2][NOUSER]<html.make> [image_processing] skipped. Path is null
2019-08-12 19:33:06,481 [main]INFO  - [WIN7PRO-HU2][NOUSER]<html.make> begin make html: software_dev - 软件开发
2019-08-12 19:33:06,481 [main]INFO  - [WIN7PRO-HU2][NOUSER]<html.make> [software_dev] skipped. Path is null
2019-08-12 19:33:07,536 [main]INFO  - [WIN7PRO-HU2][NOUSER]<html.make> begin make html: code_converter - 编码转换
2019-08-12 19:33:07,536 [main]INFO  - [WIN7PRO-HU2][NOUSER]<html.make> [code_converter] skipped. Path is null
2019-08-12 19:33:08,415 [main]INFO  - [WIN7PRO-HU2][NOUSER]<html.make> begin make html: binary_converter - 进制转换
2019-08-12 19:33:09,367 [main]INFO  - [WIN7PRO-HU2][NOUSER]<html.make> begin make html: shopping - 购物
2019-08-12 19:33:09,368 [main]INFO  - [WIN7PRO-HU2][NOUSER]<html.make> [shopping] skipped. Path is null
2019-08-12 19:33:12,649 [main]INFO  - [WIN7PRO-HU2][NOUSER]<html.make> begin make html: america_life - 北美生活
2019-08-12 19:33:12,650 [main]INFO  - [WIN7PRO-HU2][NOUSER]<html.make> [america_life] skipped. Path is null
2019-08-12 19:33:14,950 [main]INFO  - [WIN7PRO-HU2][NOUSER]<html.make> begin make html: commonly_medicine - 北美常用药品
2019-08-12 19:33:14,950 [main]INFO  - [WIN7PRO-HU2][NOUSER]<html.make> [commonly_medicine] skipped. Path is null
2019-08-12 19:33:15,862 [main]INFO  - [WIN7PRO-HU2][NOUSER]<html.make> begin make html: activies_events - 活动或则事件
2019-08-12 19:33:15,863 [main]INFO  - [WIN7PRO-HU2][NOUSER]<html.make> [activies_events] skipped. Path is null
2019-08-12 19:33:16,606 [main]INFO  - [WIN7PRO-HU2][NOUSER]<html.make> begin make html: index - 索引页
2019-08-12 19:33:23,019 [main]INFO  - [WIN7PRO-HU2][NOUSER]<html.make> [output]{"header":{"action":"html.make"},"body":{},"status":{"code":"000"}}
2019-08-12 20:00:16,389 [main]INFO  - [WIN7PRO-HU2][NOUSER]<html.make> [input]{header={action=html.make}, body={}, status={code=000}}
2019-08-12 20:00:17,797 [main]INFO  - [WIN7PRO-HU2][NOUSER]<html.make> [tools] make start
2019-08-12 20:00:17,800 [main]INFO  - [WIN7PRO-HU2][NOUSER]<html.make> [tools] skipped. Path is null
2019-08-12 20:00:17,801 [main]INFO  - [WIN7PRO-HU2][NOUSER]<html.make> [common_tools] make start
2019-08-12 20:00:17,801 [main]INFO  - [WIN7PRO-HU2][NOUSER]<html.make> [common_tools] skipped. Path is null
2019-08-12 20:00:17,801 [main]INFO  - [WIN7PRO-HU2][NOUSER]<html.make> [unit_converter] make start
2019-08-12 20:00:18,057 [main]INFO  - [WIN7PRO-HU2][NOUSER]<html.make> [unit_converter] make end, spend 256 
2019-08-12 20:00:18,057 [main]INFO  - [WIN7PRO-HU2][NOUSER]<html.make> [currency_converter] make start
2019-08-12 20:00:18,146 [main]INFO  - [WIN7PRO-HU2][NOUSER]<html.make> [currency_converter] make end, spend 89 
2019-08-12 20:00:18,147 [main]INFO  - [WIN7PRO-HU2][NOUSER]<html.make> [ip_query] make start
2019-08-12 20:00:18,213 [main]INFO  - [WIN7PRO-HU2][NOUSER]<html.make> [ip_query] make end, spend 66 
2019-08-12 20:00:18,213 [main]INFO  - [WIN7PRO-HU2][NOUSER]<html.make> [chinese_characters] make start
2019-08-12 20:00:18,332 [main]INFO  - [WIN7PRO-HU2][NOUSER]<html.make> [chinese_characters] make end, spend 119 
2019-08-12 20:00:18,332 [main]INFO  - [WIN7PRO-HU2][NOUSER]<html.make> [letter_transfer] make start
2019-08-12 20:00:18,333 [main]INFO  - [WIN7PRO-HU2][NOUSER]<html.make> [letter_transfer] skipped. Path 'website/base/http://www.aies.cn/shuwen.htm' is not exiat
2019-08-12 20:00:18,333 [main]INFO  - [WIN7PRO-HU2][NOUSER]<html.make> [online_translater] make start
2019-08-12 20:00:18,392 [main]INFO  - [WIN7PRO-HU2][NOUSER]<html.make> [online_translater] make end, spend 59 
2019-08-12 20:00:18,392 [main]INFO  - [WIN7PRO-HU2][NOUSER]<html.make> [phonenumber_query] make start
2019-08-12 20:00:18,450 [main]INFO  - [WIN7PRO-HU2][NOUSER]<html.make> [phonenumber_query] make end, spend 57 
2019-08-12 20:00:18,450 [main]INFO  - [WIN7PRO-HU2][NOUSER]<html.make> [express_inquery] make start
2019-08-12 20:00:18,483 [main]INFO  - [WIN7PRO-HU2][NOUSER]<html.make> [express_inquery] make end, spend 33 
2019-08-12 20:00:18,484 [main]INFO  - [WIN7PRO-HU2][NOUSER]<html.make> [image_processing] make start
2019-08-12 20:00:18,484 [main]INFO  - [WIN7PRO-HU2][NOUSER]<html.make> [image_processing] skipped. Path is null
2019-08-12 20:00:18,484 [main]INFO  - [WIN7PRO-HU2][NOUSER]<html.make> [software_dev] make start
2019-08-12 20:00:18,484 [main]INFO  - [WIN7PRO-HU2][NOUSER]<html.make> [software_dev] skipped. Path is null
2019-08-12 20:00:18,484 [main]INFO  - [WIN7PRO-HU2][NOUSER]<html.make> [code_converter] make start
2019-08-12 20:00:18,484 [main]INFO  - [WIN7PRO-HU2][NOUSER]<html.make> [code_converter] skipped. Path is null
2019-08-12 20:00:18,484 [main]INFO  - [WIN7PRO-HU2][NOUSER]<html.make> [binary_converter] make start
2019-08-12 20:00:18,550 [main]INFO  - [WIN7PRO-HU2][NOUSER]<html.make> [binary_converter] make end, spend 66 
2019-08-12 20:00:18,550 [main]INFO  - [WIN7PRO-HU2][NOUSER]<html.make> [shopping] make start
2019-08-12 20:00:18,550 [main]INFO  - [WIN7PRO-HU2][NOUSER]<html.make> [shopping] skipped. Path is null
2019-08-12 20:00:18,550 [main]INFO  - [WIN7PRO-HU2][NOUSER]<html.make> [america_life] make start
2019-08-12 20:00:18,551 [main]INFO  - [WIN7PRO-HU2][NOUSER]<html.make> [america_life] skipped. Path is null
2019-08-12 20:00:18,551 [main]INFO  - [WIN7PRO-HU2][NOUSER]<html.make> [commonly_medicine] make start
2019-08-12 20:00:18,551 [main]INFO  - [WIN7PRO-HU2][NOUSER]<html.make> [commonly_medicine] skipped. Path is null
2019-08-12 20:00:18,551 [main]INFO  - [WIN7PRO-HU2][NOUSER]<html.make> [activies_events] make start
2019-08-12 20:00:18,551 [main]INFO  - [WIN7PRO-HU2][NOUSER]<html.make> [activies_events] skipped. Path is null
2019-08-12 20:00:18,552 [main]INFO  - [WIN7PRO-HU2][NOUSER]<html.make> [index] make start
2019-08-12 20:00:18,911 [main]INFO  - [WIN7PRO-HU2][NOUSER]<html.make> [index] make end, spend 359 
2019-08-12 20:00:18,976 [main]INFO  - [WIN7PRO-HU2][NOUSER]<html.make> [output]{"header":{"action":"html.make"},"body":{},"status":{"code":"000"}}
2019-08-13 14:04:08,559 [main]INFO  - [WIN7PRO-HU2][NOUSER]<html.make> [input]{header={action=html.make}, body={}, status={code=000}}
2019-08-13 14:04:10,045 [main]INFO  - [WIN7PRO-HU2][NOUSER]<html.make> [tools] make start
2019-08-13 14:04:10,049 [main]INFO  - [WIN7PRO-HU2][NOUSER]<html.make> [tools] skipped. Path is null
2019-08-13 14:04:10,049 [main]INFO  - [WIN7PRO-HU2][NOUSER]<html.make> [common_tools] make start
2019-08-13 14:04:10,049 [main]INFO  - [WIN7PRO-HU2][NOUSER]<html.make> [common_tools] skipped. Path is null
2019-08-13 14:04:10,049 [main]INFO  - [WIN7PRO-HU2][NOUSER]<html.make> [unit_converter] make start
2019-08-13 14:04:15,821 [main]INFO  - [WIN7PRO-HU2][NOUSER]<html.make> [unit_converter] make end, spend 5771 
2019-08-13 14:04:15,821 [main]INFO  - [WIN7PRO-HU2][NOUSER]<html.make> [currency_converter] make start
2019-08-13 14:04:16,041 [main]INFO  - [WIN7PRO-HU2][NOUSER]<html.make> [currency_converter] make end, spend 220 
2019-08-13 14:04:16,041 [main]INFO  - [WIN7PRO-HU2][NOUSER]<html.make> [ip_query] make start
2019-08-13 14:04:16,083 [main]INFO  - [WIN7PRO-HU2][NOUSER]<html.make> [ip_query] make end, spend 41 
2019-08-13 14:04:16,083 [main]INFO  - [WIN7PRO-HU2][NOUSER]<html.make> [chinese_characters] make start
2019-08-13 14:04:16,211 [main]INFO  - [WIN7PRO-HU2][NOUSER]<html.make> [chinese_characters] make end, spend 128 
2019-08-13 14:04:16,211 [main]INFO  - [WIN7PRO-HU2][NOUSER]<html.make> [letter_transfer] make start
2019-08-13 14:04:16,211 [main]INFO  - [WIN7PRO-HU2][NOUSER]<html.make> [letter_transfer] skipped. Path 'website/base/http://www.aies.cn/shuwen.htm' is not exiat
2019-08-13 14:04:16,211 [main]INFO  - [WIN7PRO-HU2][NOUSER]<html.make> [online_translater] make start
2019-08-13 14:04:16,259 [main]INFO  - [WIN7PRO-HU2][NOUSER]<html.make> [online_translater] make end, spend 48 
2019-08-13 14:04:16,259 [main]INFO  - [WIN7PRO-HU2][NOUSER]<html.make> [phonenumber_query] make start
2019-08-13 14:04:16,305 [main]INFO  - [WIN7PRO-HU2][NOUSER]<html.make> [phonenumber_query] make end, spend 45 
2019-08-13 14:04:16,305 [main]INFO  - [WIN7PRO-HU2][NOUSER]<html.make> [express_inquery] make start
2019-08-13 14:04:16,416 [main]INFO  - [WIN7PRO-HU2][NOUSER]<html.make> [express_inquery] make end, spend 111 
2019-08-13 14:04:16,416 [main]INFO  - [WIN7PRO-HU2][NOUSER]<html.make> [17track] make start
2019-08-13 14:04:16,757 [main]INFO  - [WIN7PRO-HU2][NOUSER]<html.make> [17track] make end, spend 341 
2019-08-13 14:04:16,757 [main]INFO  - [WIN7PRO-HU2][NOUSER]<html.make> [image_processing] make start
2019-08-13 14:04:16,757 [main]INFO  - [WIN7PRO-HU2][NOUSER]<html.make> [image_processing] skipped. Path is null
2019-08-13 14:04:16,757 [main]INFO  - [WIN7PRO-HU2][NOUSER]<html.make> [software_dev] make start
2019-08-13 14:04:16,758 [main]INFO  - [WIN7PRO-HU2][NOUSER]<html.make> [software_dev] skipped. Path is null
2019-08-13 14:04:16,758 [main]INFO  - [WIN7PRO-HU2][NOUSER]<html.make> [code_converter] make start
2019-08-13 14:04:16,758 [main]INFO  - [WIN7PRO-HU2][NOUSER]<html.make> [code_converter] skipped. Path is null
2019-08-13 14:04:16,758 [main]INFO  - [WIN7PRO-HU2][NOUSER]<html.make> [binary_converter] make start
2019-08-13 14:04:16,944 [main]INFO  - [WIN7PRO-HU2][NOUSER]<html.make> [binary_converter] make end, spend 186 
2019-08-13 14:04:16,944 [main]INFO  - [WIN7PRO-HU2][NOUSER]<html.make> [shopping] make start
2019-08-13 14:04:16,945 [main]INFO  - [WIN7PRO-HU2][NOUSER]<html.make> [shopping] skipped. Path is null
2019-08-13 14:04:16,945 [main]INFO  - [WIN7PRO-HU2][NOUSER]<html.make> [america_life] make start
2019-08-13 14:04:16,945 [main]INFO  - [WIN7PRO-HU2][NOUSER]<html.make> [america_life] skipped. Path is null
2019-08-13 14:04:16,945 [main]INFO  - [WIN7PRO-HU2][NOUSER]<html.make> [commonly_medicine] make start
2019-08-13 14:04:16,945 [main]INFO  - [WIN7PRO-HU2][NOUSER]<html.make> [commonly_medicine] skipped. Path is null
2019-08-13 14:04:16,945 [main]INFO  - [WIN7PRO-HU2][NOUSER]<html.make> [activies_events] make start
2019-08-13 14:04:16,945 [main]INFO  - [WIN7PRO-HU2][NOUSER]<html.make> [activies_events] skipped. Path is null
2019-08-13 14:04:16,945 [main]INFO  - [WIN7PRO-HU2][NOUSER]<html.make> [index] make start
2019-08-13 14:04:17,123 [main]INFO  - [WIN7PRO-HU2][NOUSER]<html.make> [index] make end, spend 178 
2019-08-13 14:04:17,125 [main]INFO  - [WIN7PRO-HU2][NOUSER]<html.make> [output]{"header":{"action":"html.make"},"body":{},"status":{"code":"000"}}
